Determining if the pthread_create exist failed with the following output:
Change Dir: /home/daniel/Workspace/EquationSolver-cpp/build/test/gtest/src/gtest-build/CMakeFiles/CMakeTmp

Run Build Command:"/usr/bin/make" "cmTryCompileExec419530232/fast"
make[3]: Entering directory '/home/daniel/Workspace/EquationSolver-cpp/build/test/gtest/src/gtest-build/CMakeFiles/CMakeTmp'
/usr/bin/make -f CMakeFiles/cmTryCompileExec419530232.dir/build.make CMakeFiles/cmTryCompileExec419530232.dir/build
make[4]: Entering directory '/home/daniel/Workspace/EquationSolver-cpp/build/test/gtest/src/gtest-build/CMakeFiles/CMakeTmp'
/usr/bin/cmake -E cmake_progress_report /home/daniel/Workspace/EquationSolver-cpp/build/test/gtest/src/gtest-build/CMakeFiles/CMakeTmp/CMakeFiles 1
Building C object CMakeFiles/cmTryCompileExec419530232.dir/CheckSymbolExists.c.o
/usr/bin/cc    -o CMakeFiles/cmTryCompileExec419530232.dir/CheckSymbolExists.c.o   -c /home/daniel/Workspace/EquationSolver-cpp/build/test/gtest/src/gtest-build/CMakeFiles/CMakeTmp/CheckSymbolExists.c
Linking C executable cmTryCompileExec419530232
/usr/bin/cmake -E cmake_link_script CMakeFiles/cmTryCompileExec419530232.dir/link.txt --verbose=1
/usr/bin/cc       CMakeFiles/cmTryCompileExec419530232.dir/CheckSymbolExists.c.o  -o cmTryCompileExec419530232 -rdynamic 
CMakeFiles/cmTryCompileExec419530232.dir/CheckSymbolExists.c.o: In function `main':
CheckSymbolExists.c:(.text+0x16): undefined reference to `pthread_create'
CMakeFiles/cmTryCompileExec419530232.dir/build.make:88: recipe for target 'cmTryCompileExec419530232' failed
make[4]: Leaving directory '/home/daniel/Workspace/EquationSolver-cpp/build/test/gtest/src/gtest-build/CMakeFiles/CMakeTmp'
Makefile:117: recipe for target 'cmTryCompileExec419530232/fast' failed
make[3]: Leaving directory '/home/daniel/Workspace/EquationSolver-cpp/build/test/gtest/src/gtest-build/CMakeFiles/CMakeTmp'
collect2: error: ld returned 1 exit status
make[4]: *** [cmTryCompileExec419530232] Error 1
make[3]: *** [cmTryCompileExec419530232/fast] Error 2

File /home/daniel/Workspace/EquationSolver-cpp/build/test/gtest/src/gtest-build/CMakeFiles/CMakeTmp/CheckSymbolExists.c:
/* */
#include <pthread.h>

int main(int argc, char** argv)
{
  (void)argv;
#ifndef pthread_create
  return ((int*)(&pthread_create))[argc];
#else
  (void)argc;
  return 0;
#endif
}

Determining if the function pthread_create exists in the pthreads failed with the following output:
Change Dir: /home/daniel/Workspace/EquationSolver-cpp/build/test/gtest/src/gtest-build/CMakeFiles/CMakeTmp

Run Build Command:"/usr/bin/make" "cmTryCompileExec3547320135/fast"
make[3]: Entering directory '/home/daniel/Workspace/EquationSolver-cpp/build/test/gtest/src/gtest-build/CMakeFiles/CMakeTmp'
/usr/bin/make -f CMakeFiles/cmTryCompileExec3547320135.dir/build.make CMakeFiles/cmTryCompileExec3547320135.dir/build
make[4]: Entering directory '/home/daniel/Workspace/EquationSolver-cpp/build/test/gtest/src/gtest-build/CMakeFiles/CMakeTmp'
/usr/bin/cmake -E cmake_progress_report /home/daniel/Workspace/EquationSolver-cpp/build/test/gtest/src/gtest-build/CMakeFiles/CMakeTmp/CMakeFiles 1
Building C object CMakeFiles/cmTryCompileExec3547320135.dir/CheckFunctionExists.c.o
/usr/bin/cc   -DCHECK_FUNCTION_EXISTS=pthread_create   -o CMakeFiles/cmTryCompileExec3547320135.dir/CheckFunctionExists.c.o   -c /usr/share/cmake-3.2/Modules/CheckFunctionExists.c
Linking C executable cmTryCompileExec3547320135
/usr/bin/cmake -E cmake_link_script CMakeFiles/cmTryCompileExec3547320135.dir/link.txt --verbose=1
/usr/bin/cc   -DCHECK_FUNCTION_EXISTS=pthread_create    CMakeFiles/cmTryCompileExec3547320135.dir/CheckFunctionExists.c.o  -o cmTryCompileExec3547320135 -rdynamic -lpthreads 
/usr/bin/ld: cannot find -lpthreads
CMakeFiles/cmTryCompileExec3547320135.dir/build.make:88: recipe for target 'cmTryCompileExec3547320135' failed
make[4]: Leaving directory '/home/daniel/Workspace/EquationSolver-cpp/build/test/gtest/src/gtest-build/CMakeFiles/CMakeTmp'
Makefile:117: recipe for target 'cmTryCompileExec3547320135/fast' failed
make[3]: Leaving directory '/home/daniel/Workspace/EquationSolver-cpp/build/test/gtest/src/gtest-build/CMakeFiles/CMakeTmp'
collect2: error: ld returned 1 exit status
make[4]: *** [cmTryCompileExec3547320135] Error 1
make[3]: *** [cmTryCompileExec3547320135/fast] Error 2


