Determining if the pthread_create exist failed with the following output:
Change Dir: /home/daniel/Workspace/EquationSolver-cpp/build/CMakeFiles/CMakeTmp

Run Build Command:"/usr/bin/make" "cmTryCompileExec2817931730/fast"
/usr/bin/make -f CMakeFiles/cmTryCompileExec2817931730.dir/build.make CMakeFiles/cmTryCompileExec2817931730.dir/build
make[1]: Entering directory '/home/daniel/Workspace/EquationSolver-cpp/build/CMakeFiles/CMakeTmp'
/usr/bin/cmake -E cmake_progress_report /home/daniel/Workspace/EquationSolver-cpp/build/CMakeFiles/CMakeTmp/CMakeFiles 1
Building C object CMakeFiles/cmTryCompileExec2817931730.dir/CheckSymbolExists.c.o
/usr/bin/cc    -o CMakeFiles/cmTryCompileExec2817931730.dir/CheckSymbolExists.c.o   -c /home/daniel/Workspace/EquationSolver-cpp/build/CMakeFiles/CMakeTmp/CheckSymbolExists.c
Linking C executable cmTryCompileExec2817931730
/usr/bin/cmake -E cmake_link_script CMakeFiles/cmTryCompileExec2817931730.dir/link.txt --verbose=1
/usr/bin/cc       CMakeFiles/cmTryCompileExec2817931730.dir/CheckSymbolExists.c.o  -o cmTryCompileExec2817931730 -rdynamic 
CMakeFiles/cmTryCompileExec2817931730.dir/CheckSymbolExists.c.o: In function `main':
CheckSymbolExists.c:(.text+0x16): undefined reference to `pthread_create'
CMakeFiles/cmTryCompileExec2817931730.dir/build.make:88: recipe for target 'cmTryCompileExec2817931730' failed
make[1]: Leaving directory '/home/daniel/Workspace/EquationSolver-cpp/build/CMakeFiles/CMakeTmp'
Makefile:117: recipe for target 'cmTryCompileExec2817931730/fast' failed
collect2: error: ld returned 1 exit status
make[1]: *** [cmTryCompileExec2817931730] Error 1
make: *** [cmTryCompileExec2817931730/fast] Error 2

File /home/daniel/Workspace/EquationSolver-cpp/build/CMakeFiles/CMakeTmp/CheckSymbolExists.c:
/* */
#include <pthread.h>

int main(int argc, char** argv)
{
  (void)argv;
#ifndef pthread_create
  return ((int*)(&pthread_create))[argc];
#else
  (void)argc;
  return 0;
#endif
}

Determining if the function pthread_create exists in the pthreads failed with the following output:
Change Dir: /home/daniel/Workspace/EquationSolver-cpp/build/CMakeFiles/CMakeTmp

Run Build Command:"/usr/bin/make" "cmTryCompileExec81827290/fast"
/usr/bin/make -f CMakeFiles/cmTryCompileExec81827290.dir/build.make CMakeFiles/cmTryCompileExec81827290.dir/build
make[1]: Entering directory '/home/daniel/Workspace/EquationSolver-cpp/build/CMakeFiles/CMakeTmp'
/usr/bin/cmake -E cmake_progress_report /home/daniel/Workspace/EquationSolver-cpp/build/CMakeFiles/CMakeTmp/CMakeFiles 1
Building C object CMakeFiles/cmTryCompileExec81827290.dir/CheckFunctionExists.c.o
/usr/bin/cc   -DCHECK_FUNCTION_EXISTS=pthread_create   -o CMakeFiles/cmTryCompileExec81827290.dir/CheckFunctionExists.c.o   -c /usr/share/cmake-3.2/Modules/CheckFunctionExists.c
Linking C executable cmTryCompileExec81827290
/usr/bin/cmake -E cmake_link_script CMakeFiles/cmTryCompileExec81827290.dir/link.txt --verbose=1
/usr/bin/cc   -DCHECK_FUNCTION_EXISTS=pthread_create    CMakeFiles/cmTryCompileExec81827290.dir/CheckFunctionExists.c.o  -o cmTryCompileExec81827290 -rdynamic -lpthreads 
/usr/bin/ld: cannot find -lpthreads
CMakeFiles/cmTryCompileExec81827290.dir/build.make:88: recipe for target 'cmTryCompileExec81827290' failed
make[1]: Leaving directory '/home/daniel/Workspace/EquationSolver-cpp/build/CMakeFiles/CMakeTmp'
Makefile:117: recipe for target 'cmTryCompileExec81827290/fast' failed
collect2: error: ld returned 1 exit status
make[1]: *** [cmTryCompileExec81827290] Error 1
make: *** [cmTryCompileExec81827290/fast] Error 2


