Determining if the pthread_create exist failed with the following output:
Change Dir: /home/daniel/Workspace/EquationSolver-cpp/build/test/gmock/src/gmock-build/CMakeFiles/CMakeTmp

Run Build Command:"/usr/bin/make" "cmTryCompileExec406030831/fast"
make[3]: Entering directory '/home/daniel/Workspace/EquationSolver-cpp/build/test/gmock/src/gmock-build/CMakeFiles/CMakeTmp'
/usr/bin/make -f CMakeFiles/cmTryCompileExec406030831.dir/build.make CMakeFiles/cmTryCompileExec406030831.dir/build
make[4]: Entering directory '/home/daniel/Workspace/EquationSolver-cpp/build/test/gmock/src/gmock-build/CMakeFiles/CMakeTmp'
/usr/bin/cmake -E cmake_progress_report /home/daniel/Workspace/EquationSolver-cpp/build/test/gmock/src/gmock-build/CMakeFiles/CMakeTmp/CMakeFiles 1
Building C object CMakeFiles/cmTryCompileExec406030831.dir/CheckSymbolExists.c.o
/usr/bin/cc    -o CMakeFiles/cmTryCompileExec406030831.dir/CheckSymbolExists.c.o   -c /home/daniel/Workspace/EquationSolver-cpp/build/test/gmock/src/gmock-build/CMakeFiles/CMakeTmp/CheckSymbolExists.c
Linking C executable cmTryCompileExec406030831
/usr/bin/cmake -E cmake_link_script CMakeFiles/cmTryCompileExec406030831.dir/link.txt --verbose=1
/usr/bin/cc       CMakeFiles/cmTryCompileExec406030831.dir/CheckSymbolExists.c.o  -o cmTryCompileExec406030831 -rdynamic 
CMakeFiles/cmTryCompileExec406030831.dir/CheckSymbolExists.c.o: In function `main':
CheckSymbolExists.c:(.text+0x16): undefined reference to `pthread_create'
CMakeFiles/cmTryCompileExec406030831.dir/build.make:88: recipe for target 'cmTryCompileExec406030831' failed
make[4]: Leaving directory '/home/daniel/Workspace/EquationSolver-cpp/build/test/gmock/src/gmock-build/CMakeFiles/CMakeTmp'
Makefile:117: recipe for target 'cmTryCompileExec406030831/fast' failed
make[3]: Leaving directory '/home/daniel/Workspace/EquationSolver-cpp/build/test/gmock/src/gmock-build/CMakeFiles/CMakeTmp'
collect2: error: ld returned 1 exit status
make[4]: *** [cmTryCompileExec406030831] Error 1
make[3]: *** [cmTryCompileExec406030831/fast] Error 2

File /home/daniel/Workspace/EquationSolver-cpp/build/test/gmock/src/gmock-build/CMakeFiles/CMakeTmp/CheckSymbolExists.c:
/* */
#include <pthread.h>

int main(int argc, char** argv)
{
  (void)argv;
#ifndef pthread_create
  return ((int*)(&pthread_create))[argc];
#else
  (void)argc;
  return 0;
#endif
}

Determining if the function pthread_create exists in the pthreads failed with the following output:
Change Dir: /home/daniel/Workspace/EquationSolver-cpp/build/test/gmock/src/gmock-build/CMakeFiles/CMakeTmp

Run Build Command:"/usr/bin/make" "cmTryCompileExec2448430927/fast"
make[3]: Entering directory '/home/daniel/Workspace/EquationSolver-cpp/build/test/gmock/src/gmock-build/CMakeFiles/CMakeTmp'
/usr/bin/make -f CMakeFiles/cmTryCompileExec2448430927.dir/build.make CMakeFiles/cmTryCompileExec2448430927.dir/build
make[4]: Entering directory '/home/daniel/Workspace/EquationSolver-cpp/build/test/gmock/src/gmock-build/CMakeFiles/CMakeTmp'
/usr/bin/cmake -E cmake_progress_report /home/daniel/Workspace/EquationSolver-cpp/build/test/gmock/src/gmock-build/CMakeFiles/CMakeTmp/CMakeFiles 1
Building C object CMakeFiles/cmTryCompileExec2448430927.dir/CheckFunctionExists.c.o
/usr/bin/cc   -DCHECK_FUNCTION_EXISTS=pthread_create   -o CMakeFiles/cmTryCompileExec2448430927.dir/CheckFunctionExists.c.o   -c /usr/share/cmake-3.2/Modules/CheckFunctionExists.c
Linking C executable cmTryCompileExec2448430927
/usr/bin/cmake -E cmake_link_script CMakeFiles/cmTryCompileExec2448430927.dir/link.txt --verbose=1
/usr/bin/cc   -DCHECK_FUNCTION_EXISTS=pthread_create    CMakeFiles/cmTryCompileExec2448430927.dir/CheckFunctionExists.c.o  -o cmTryCompileExec2448430927 -rdynamic -lpthreads 
/usr/bin/ld: cannot find -lpthreads
CMakeFiles/cmTryCompileExec2448430927.dir/build.make:88: recipe for target 'cmTryCompileExec2448430927' failed
make[4]: Leaving directory '/home/daniel/Workspace/EquationSolver-cpp/build/test/gmock/src/gmock-build/CMakeFiles/CMakeTmp'
Makefile:117: recipe for target 'cmTryCompileExec2448430927/fast' failed
make[3]: Leaving directory '/home/daniel/Workspace/EquationSolver-cpp/build/test/gmock/src/gmock-build/CMakeFiles/CMakeTmp'
collect2: error: ld returned 1 exit status
make[4]: *** [cmTryCompileExec2448430927] Error 1
make[3]: *** [cmTryCompileExec2448430927/fast] Error 2


